FILE_TYPE=LIBRARY_PARTS;
PRIMITIVE 'BM02B_GHS_TBT_LF__SN_','BM02B_GHS_TBT_LF__SN__Other';
  PIN
    '1':
      PIN_NUMBER='(1)';
      NO_LOAD_CHECK=BOTH;
      NO_IO_CHECK=BOTH;
      ALLOW_CONNECT=TRUE;
      PINUSE='UNSPEC';
    '2':
      PIN_NUMBER='(2)';
      NO_LOAD_CHECK=BOTH;
      NO_IO_CHECK=BOTH;
      ALLOW_CONNECT=TRUE;
      PINUSE='UNSPEC';
  END_PIN;
  BODY
    PART_NAME='BM02B_GHS_TBT_LF__SN_';
    PHYS_DES_PREFIX='J';
    NO_LOAD_CHECK='TRUE';
    PIN_COUNT='2';
    BODY_NAME='BM02B_GHS_TBT_LF__SN_';
    JEDEC_TYPE='BM02B-GHS-TBT_1';
  END_BODY;
END_PRIMITIVE;
END.
